<?xml version="1.0" encoding="UTF-8"?>
<!-- Generated by org.testng.reporters.JUnitReportReporter -->
<testsuite hostname="LAPTOP-5E08MPST" failures="0" tests="2" name="TestCases.TC_LoginDDT_003" time="11.377" errors="0" timestamp="2023-01-17T18:14:40 IST" skipped="0">
  <testcase classname="TestCases.TC_LoginDDT_003" name="loginDDT" time="7.837"/>
  <system-out/>
  <testcase classname="TestCases.TC_LoginDDT_003" name="loginDDT" time="3.540"/>
  <system-out/>
</testsuite> <!-- TestCases.TC_LoginDDT_003 -->
