<?xml version="1.0" encoding="UTF-8"?>
<!-- Generated by org.testng.reporters.JUnitReportReporter -->
<testsuite hostname="LAPTOP-5E08MPST" failures="0" tests="1" name="TestCases.TC_LoginTest_001" time="2.952" errors="0" timestamp="2023-01-20T16:59:54 IST" skipped="0">
  <testcase classname="TestCases.TC_LoginTest_001" name="loginTest" time="2.952"/>
  <system-out/>
</testsuite> <!-- TestCases.TC_LoginTest_001 -->
